{
  "stats": {
    "suites": 1,
    "tests": 1,
    "passes": 1,
    "pending": 0,
    "failures": 0,
    "start": "2024-10-06T11:54:27.347Z",
    "end": "2024-10-06T11:54:29.233Z",
    "duration": 1886,
    "testsRegistered": 1,
    "passPercent": 100,
    "pendingPercent": 0,
    "other": 0,
    "hasOther": false,
    "skipped": 0,
    "hasSkipped": false
  },
  "results": [
    {
      "uuid": "48e59e7c-6179-48f1-839e-3f910fc729b3",
      "title": "",
      "fullFile": "cypress\\e2e\\frontend\\login.cy.js",
      "file": "cypress\\e2e\\frontend\\login.cy.js",
      "beforeHooks": [],
      "afterHooks": [],
      "tests": [],
      "suites": [
        {
          "uuid": "911810f6-bc8c-4b74-bd25-b58645faaf06",
          "title": "login",
          "fullFile": "",
          "file": "",
          "beforeHooks": [],
          "afterHooks": [],
          "tests": [
            {
              "title": "login com informaçoes de usuario validas",
              "fullTitle": "login login com informaçoes de usuario validas",
              "timedOut": null,
              "duration": 1848,
              "state": "passed",
              "speed": "fast",
              "pass": true,
              "fail": false,
              "pending": false,
              "context": null,
              "code": "cy.visit('/login');\ncy.get('.mat-mdc-form-field.ng-tns-c1534922977-1 > .mat-mdc-text-field-wrapper').type(Cypress.env('user').username);\ncy.get('.mat-mdc-form-field-has-icon-suffix > .mat-mdc-text-field-wrapper').type(Cypress.env('user').password, {\n  log: false\n});\ncy.get('button').last().click();\ncy.get('app-nav-bar').should('contain', Cypress.env('user').username);",
              "err": {},
              "uuid": "b20f1753-9d46-46dc-8a7b-afba86b75d45",
              "parentUUID": "911810f6-bc8c-4b74-bd25-b58645faaf06",
              "isHook": false,
              "skipped": false
            }
          ],
          "suites": [],
          "passes": [
            "b20f1753-9d46-46dc-8a7b-afba86b75d45"
          ],
          "failures": [],
          "pending": [],
          "skipped": [],
          "duration": 1848,
          "root": false,
          "rootEmpty": false,
          "_timeout": 2000
        }
      ],
      "passes": [],
      "failures": [],
      "pending": [],
      "skipped": [],
      "duration": 0,
      "root": true,
      "rootEmpty": true,
      "_timeout": 2000
    }
  ],
  "meta": {
    "mocha": {
      "version": "7.0.1"
    },
    "mochawesome": {
      "options": {
        "quiet": false,
        "reportFilename": "mochawesome",
        "saveHtml": true,
        "saveJson": true,
        "consoleReporter": "spec",
        "useInlineDiffs": false,
        "code": true
      },
      "version": "7.1.3"
    },
    "marge": {
      "options": {
        "reportDir": "cypress/reports/mochawesome",
        "overwrite": false,
        "html": true,
        "json": true
      },
      "version": "6.2.0"
    }
  }
}