{
  "stats": {
    "suites": 1,
    "tests": 1,
    "passes": 1,
    "pending": 0,
    "failures": 0,
    "start": "2024-10-06T11:54:01.045Z",
    "end": "2024-10-06T11:54:06.696Z",
    "duration": 5651,
    "testsRegistered": 1,
    "passPercent": 100,
    "pendingPercent": 0,
    "other": 0,
    "hasOther": false,
    "skipped": 0,
    "hasSkipped": false
  },
  "results": [
    {
      "uuid": "e886c81d-d973-4245-a1b7-f4f844356bb7",
      "title": "",
      "fullFile": "cypress\\e2e\\frontend\\carrinho.cy.js",
      "file": "cypress\\e2e\\frontend\\carrinho.cy.js",
      "beforeHooks": [],
      "afterHooks": [],
      "tests": [],
      "suites": [
        {
          "uuid": "454bc04f-6a27-49a3-811c-54d2e76d50eb",
          "title": "carrinho",
          "fullFile": "",
          "file": "",
          "beforeHooks": [],
          "afterHooks": [],
          "tests": [
            {
              "title": "adicionar e remover itens no carrinho",
              "fullTitle": "carrinho adicionar e remover itens no carrinho",
              "timedOut": null,
              "duration": 5613,
              "state": "passed",
              "speed": "medium",
              "pass": true,
              "fail": false,
              "pending": false,
              "context": null,
              "code": "cy.visit('/');\ncy.contains('Add to Cart').click();\ncy.get(':nth-child(2) > .mat-mdc-button-touch-target').click();\ncy.get('.my-3').should('contain', 'Harry Potter and the Chamber of Secrets', 'Title');\ncy.get('.my-3').should('contain', 'Price');\ncy.get('.mat-elevation-z4 > .mdc-button__label').click();\ncy.get('.container').should('contain', 'Your shopping cart is empty.');",
              "err": {},
              "uuid": "9917d4ba-828b-4804-9a09-2dda8d0c4328",
              "parentUUID": "454bc04f-6a27-49a3-811c-54d2e76d50eb",
              "isHook": false,
              "skipped": false
            }
          ],
          "suites": [],
          "passes": [
            "9917d4ba-828b-4804-9a09-2dda8d0c4328"
          ],
          "failures": [],
          "pending": [],
          "skipped": [],
          "duration": 5613,
          "root": false,
          "rootEmpty": false,
          "_timeout": 2000
        }
      ],
      "passes": [],
      "failures": [],
      "pending": [],
      "skipped": [],
      "duration": 0,
      "root": true,
      "rootEmpty": true,
      "_timeout": 2000
    }
  ],
  "meta": {
    "mocha": {
      "version": "7.0.1"
    },
    "mochawesome": {
      "options": {
        "quiet": false,
        "reportFilename": "mochawesome",
        "saveHtml": true,
        "saveJson": true,
        "consoleReporter": "spec",
        "useInlineDiffs": false,
        "code": true
      },
      "version": "7.1.3"
    },
    "marge": {
      "options": {
        "reportDir": "cypress/reports/mochawesome",
        "overwrite": false,
        "html": true,
        "json": true
      },
      "version": "6.2.0"
    }
  }
}