{
  "stats": {
    "suites": 1,
    "tests": 2,
    "passes": 2,
    "pending": 0,
    "failures": 0,
    "start": "2024-10-06T11:54:35.146Z",
    "end": "2024-10-06T11:54:36.160Z",
    "duration": 1014,
    "testsRegistered": 2,
    "passPercent": 100,
    "pendingPercent": 0,
    "other": 0,
    "hasOther": false,
    "skipped": 0,
    "hasSkipped": false
  },
  "results": [
    {
      "uuid": "e9df0e5c-7944-4274-8f5e-e4edf4fb9ceb",
      "title": "",
      "fullFile": "cypress\\e2e\\backend\\Login\\post.login.cy.js",
      "file": "cypress\\e2e\\backend\\Login\\post.login.cy.js",
      "beforeHooks": [],
      "afterHooks": [],
      "tests": [],
      "suites": [
        {
          "uuid": "5d57540c-b00f-4592-a6e3-daf03e27b5a0",
          "title": "login",
          "fullFile": "",
          "file": "",
          "beforeHooks": [],
          "afterHooks": [],
          "tests": [
            {
              "title": "login valido",
              "fullTitle": "login login valido",
              "timedOut": null,
              "duration": 738,
              "state": "passed",
              "speed": "fast",
              "pass": true,
              "fail": false,
              "pending": false,
              "context": null,
              "code": "cy.api({\n  method: 'POST',\n  url: Cypress.env('url').login,\n  body: {\n    username: Cypress.env('user').username,\n    password: Cypress.env('user').password\n  },\n  failOnStatusCode: false\n}).then(response => {\n  expect(response.status).to.equal(200);\n  expect(response.body.token).to.exist;\n});",
              "err": {},
              "uuid": "899b51b7-e44f-4358-b29a-1f95188407a7",
              "parentUUID": "5d57540c-b00f-4592-a6e3-daf03e27b5a0",
              "isHook": false,
              "skipped": false
            },
            {
              "title": "tentativa de login com dados invalidos",
              "fullTitle": "login tentativa de login com dados invalidos",
              "timedOut": null,
              "duration": 231,
              "state": "passed",
              "speed": "fast",
              "pass": true,
              "fail": false,
              "pending": false,
              "context": null,
              "code": "cy.api({\n  method: 'POST',\n  url: Cypress.env('url').login,\n  body: {\n    username: Cypress.env('user').username,\n    password: '123'\n  },\n  failOnStatusCode: false\n}).then(response => {\n  expect(response.status).to.equal(401);\n});",
              "err": {},
              "uuid": "c7e7706a-3fdb-4ab1-9e39-a12416f596a2",
              "parentUUID": "5d57540c-b00f-4592-a6e3-daf03e27b5a0",
              "isHook": false,
              "skipped": false
            }
          ],
          "suites": [],
          "passes": [
            "899b51b7-e44f-4358-b29a-1f95188407a7",
            "c7e7706a-3fdb-4ab1-9e39-a12416f596a2"
          ],
          "failures": [],
          "pending": [],
          "skipped": [],
          "duration": 969,
          "root": false,
          "rootEmpty": false,
          "_timeout": 2000
        }
      ],
      "passes": [],
      "failures": [],
      "pending": [],
      "skipped": [],
      "duration": 0,
      "root": true,
      "rootEmpty": true,
      "_timeout": 2000
    }
  ],
  "meta": {
    "mocha": {
      "version": "7.0.1"
    },
    "mochawesome": {
      "options": {
        "quiet": false,
        "reportFilename": "mochawesome",
        "saveHtml": true,
        "saveJson": true,
        "consoleReporter": "spec",
        "useInlineDiffs": false,
        "code": true
      },
      "version": "7.1.3"
    },
    "marge": {
      "options": {
        "reportDir": "cypress/reports/mochawesome",
        "overwrite": false,
        "html": true,
        "json": true
      },
      "version": "6.2.0"
    }
  }
}