{
  "stats": {
    "suites": 1,
    "tests": 3,
    "passes": 2,
    "pending": 0,
    "failures": 1,
    "start": "2024-10-06T11:54:40.270Z",
    "end": "2024-10-06T11:54:41.496Z",
    "duration": 1226,
    "testsRegistered": 3,
    "passPercent": 66.66666666666666,
    "pendingPercent": 0,
    "other": 0,
    "hasOther": false,
    "skipped": 0,
    "hasSkipped": false
  },
  "results": [
    {
      "uuid": "8bd0fa31-3abe-4170-a3d5-a1bab36c4202",
      "title": "",
      "fullFile": "cypress\\e2e\\backend\\book\\get.book.cy.js",
      "file": "cypress\\e2e\\backend\\book\\get.book.cy.js",
      "beforeHooks": [],
      "afterHooks": [],
      "tests": [],
      "suites": [
        {
          "uuid": "fb6cd7b2-b8db-49ad-a071-a697328a8e03",
          "title": "Book",
          "fullFile": "",
          "file": "",
          "beforeHooks": [],
          "afterHooks": [],
          "tests": [
            {
              "title": "listar todos os livros",
              "fullTitle": "Book listar todos os livros",
              "timedOut": null,
              "duration": 303,
              "state": "passed",
              "speed": "fast",
              "pass": true,
              "fail": false,
              "pending": false,
              "context": null,
              "code": "cy.api({\n  method: 'GET',\n  url: Cypress.env('url').book\n}).then(response => {\n  expect(response.status).to.equal(200);\n});",
              "err": {},
              "uuid": "060571bf-3ec5-4d28-ac8b-7acd808b8bd5",
              "parentUUID": "fb6cd7b2-b8db-49ad-a071-a697328a8e03",
              "isHook": false,
              "skipped": false
            },
            {
              "title": "listar todas as categorias de livros",
              "fullTitle": "Book listar todas as categorias de livros",
              "timedOut": null,
              "duration": 236,
              "state": "passed",
              "speed": "fast",
              "pass": true,
              "fail": false,
              "pending": false,
              "context": null,
              "code": "cy.api({\n  method: 'GET',\n  url: Cypress.env('url').book_category\n}).then(response => {\n  expect(response.status).to.equal(200);\n});",
              "err": {},
              "uuid": "102c8293-f003-4226-878d-4c18b36aa969",
              "parentUUID": "fb6cd7b2-b8db-49ad-a071-a697328a8e03",
              "isHook": false,
              "skipped": false
            },
            {
              "title": "procurar por um livro especifico",
              "fullTitle": "Book procurar por um livro especifico",
              "timedOut": null,
              "duration": 473,
              "state": "failed",
              "speed": null,
              "pass": false,
              "fail": true,
              "pending": false,
              "context": null,
              "code": "cy.api({\n  method: 'GET',\n  url: Cypress.env('url').book_id\n}).then(response => {\n  expect(response.status).to.equal(200);\n});",
              "err": {
                "message": "CypressError: `cy.request()` failed on:\n\nhttps://bookcart.azurewebsites.net/api/Book/%7Bid%7D\n\nThe response we received from your web server was:\n\n  > 404: Not Found\n\nThis was considered a failure because the status code was not `2xx` or `3xx`.\n\nIf you do not want status codes to cause failures pass the option: `failOnStatusCode: false`\n\n-----------------------------------------------------------\n\nThe request we sent was:\n\nMethod: GET\nURL: https://bookcart.azurewebsites.net/api/Book/%7Bid%7D\nHeaders: {\n  \"Connection\": \"keep-alive\",\n  \"user-agent\": \"Mozilla/5.0 (Windows NT 10.0; Win64; x64) AppleWebKit/537.36 (KHTML, like Gecko) Cypress/13.15.0 Chrome/118.0.5993.159 Electron/27.3.10 Safari/537.36\",\n  \"accept\": \"*/*\",\n  \"accept-encoding\": \"gzip, deflate\"\n}\n\n-----------------------------------------------------------\n\nThe response we got was:\n\nStatus: 404 - Not Found\nHeaders: {\n  \"content-length\": \"0\",\n  \"date\": \"Sun, 06 Oct 2024 11:54:40 GMT\",\n  \"server\": \"Microsoft-IIS/10.0\",\n  \"set-cookie\": [\n    \"ARRAffinity=f5a3c078cda30b7a72eb318a56bc22c3a7bd8720bca4f58a5a4d6f638aa015f2;Path=/;HttpOnly;Secure;Domain=bookcart.azurewebsites.net\",\n    \"ARRAffinitySameSite=f5a3c078cda30b7a72eb318a56bc22c3a7bd8720bca4f58a5a4d6f638aa015f2;Path=/;HttpOnly;SameSite=None;Secure;Domain=bookcart.azurewebsites.net\"\n  ],\n  \"strict-transport-security\": \"max-age=2592000\",\n  \"x-powered-by\": \"ASP.NET\"\n}\nBody: \n\n\nhttps://on.cypress.io/request",
                "estack": "CypressError: `cy.request()` failed on:\n\nhttps://bookcart.azurewebsites.net/api/Book/%7Bid%7D\n\nThe response we received from your web server was:\n\n  > 404: Not Found\n\nThis was considered a failure because the status code was not `2xx` or `3xx`.\n\nIf you do not want status codes to cause failures pass the option: `failOnStatusCode: false`\n\n-----------------------------------------------------------\n\nThe request we sent was:\n\nMethod: GET\nURL: https://bookcart.azurewebsites.net/api/Book/%7Bid%7D\nHeaders: {\n  \"Connection\": \"keep-alive\",\n  \"user-agent\": \"Mozilla/5.0 (Windows NT 10.0; Win64; x64) AppleWebKit/537.36 (KHTML, like Gecko) Cypress/13.15.0 Chrome/118.0.5993.159 Electron/27.3.10 Safari/537.36\",\n  \"accept\": \"*/*\",\n  \"accept-encoding\": \"gzip, deflate\"\n}\n\n-----------------------------------------------------------\n\nThe response we got was:\n\nStatus: 404 - Not Found\nHeaders: {\n  \"content-length\": \"0\",\n  \"date\": \"Sun, 06 Oct 2024 11:54:40 GMT\",\n  \"server\": \"Microsoft-IIS/10.0\",\n  \"set-cookie\": [\n    \"ARRAffinity=f5a3c078cda30b7a72eb318a56bc22c3a7bd8720bca4f58a5a4d6f638aa015f2;Path=/;HttpOnly;Secure;Domain=bookcart.azurewebsites.net\",\n    \"ARRAffinitySameSite=f5a3c078cda30b7a72eb318a56bc22c3a7bd8720bca4f58a5a4d6f638aa015f2;Path=/;HttpOnly;SameSite=None;Secure;Domain=bookcart.azurewebsites.net\"\n  ],\n  \"strict-transport-security\": \"max-age=2592000\",\n  \"x-powered-by\": \"ASP.NET\"\n}\nBody: \n\n\nhttps://on.cypress.io/request\n    at <unknown> (https://bookcart.azurewebsites.net/__cypress/runner/cypress_runner.js:132919:72)\n    at tryCatcher (https://bookcart.azurewebsites.net/__cypress/runner/cypress_runner.js:1807:23)\n    at Promise._settlePromiseFromHandler (https://bookcart.azurewebsites.net/__cypress/runner/cypress_runner.js:1519:31)\n    at Promise._settlePromise (https://bookcart.azurewebsites.net/__cypress/runner/cypress_runner.js:1576:18)\n    at Promise._settlePromise0 (https://bookcart.azurewebsites.net/__cypress/runner/cypress_runner.js:1621:10)\n    at Promise._settlePromises (https://bookcart.azurewebsites.net/__cypress/runner/cypress_runner.js:1701:18)\n    at _drainQueueStep (https://bookcart.azurewebsites.net/__cypress/runner/cypress_runner.js:2407:12)\n    at _drainQueue (https://bookcart.azurewebsites.net/__cypress/runner/cypress_runner.js:2400:9)\n    at Async._drainQueues (https://bookcart.azurewebsites.net/__cypress/runner/cypress_runner.js:2416:5)\n    at Async.drainQueues (https://bookcart.azurewebsites.net/__cypress/runner/cypress_runner.js:2286:14)\nFrom Your Spec Code:\n    at Context.ee (webpack://bloco2mod4/./node_modules/cypress-plugin-api/dist/support.js:14:2002)",
                "diff": null
              },
              "uuid": "ee5706ee-f409-40ce-b4fb-94844f83c16f",
              "parentUUID": "fb6cd7b2-b8db-49ad-a071-a697328a8e03",
              "isHook": false,
              "skipped": false
            }
          ],
          "suites": [],
          "passes": [
            "060571bf-3ec5-4d28-ac8b-7acd808b8bd5",
            "102c8293-f003-4226-878d-4c18b36aa969"
          ],
          "failures": [
            "ee5706ee-f409-40ce-b4fb-94844f83c16f"
          ],
          "pending": [],
          "skipped": [],
          "duration": 1012,
          "root": false,
          "rootEmpty": false,
          "_timeout": 2000
        }
      ],
      "passes": [],
      "failures": [],
      "pending": [],
      "skipped": [],
      "duration": 0,
      "root": true,
      "rootEmpty": true,
      "_timeout": 2000
    }
  ],
  "meta": {
    "mocha": {
      "version": "7.0.1"
    },
    "mochawesome": {
      "options": {
        "quiet": false,
        "reportFilename": "mochawesome",
        "saveHtml": true,
        "saveJson": true,
        "consoleReporter": "spec",
        "useInlineDiffs": false,
        "code": true
      },
      "version": "7.1.3"
    },
    "marge": {
      "options": {
        "reportDir": "cypress/reports/mochawesome",
        "overwrite": false,
        "html": true,
        "json": true
      },
      "version": "6.2.0"
    }
  }
}