{
  "stats": {
    "suites": 1,
    "tests": 3,
    "passes": 3,
    "pending": 0,
    "failures": 0,
    "start": "2024-10-06T11:54:43.466Z",
    "end": "2024-10-06T11:54:44.297Z",
    "duration": 831,
    "testsRegistered": 3,
    "passPercent": 100,
    "pendingPercent": 0,
    "other": 0,
    "hasOther": false,
    "skipped": 0,
    "hasSkipped": false
  },
  "results": [
    {
      "uuid": "c802aa51-3e37-40a4-a05d-8517764a80ee",
      "title": "",
      "fullFile": "cypress\\e2e\\backend\\book\\schema.book.cy.js",
      "file": "cypress\\e2e\\backend\\book\\schema.book.cy.js",
      "beforeHooks": [],
      "afterHooks": [],
      "tests": [],
      "suites": [
        {
          "uuid": "096eba08-b731-4687-9af1-23c699723c41",
          "title": "Validar schemas",
          "fullFile": "",
          "file": "",
          "beforeHooks": [],
          "afterHooks": [],
          "tests": [
            {
              "title": "listar todos os livros",
              "fullTitle": "Validar schemas listar todos os livros",
              "timedOut": null,
              "duration": 297,
              "state": "passed",
              "speed": "fast",
              "pass": true,
              "fail": false,
              "pending": false,
              "context": null,
              "code": "cy.api({\n  method: 'GET',\n  url: Cypress.env('url').book\n}).then(_book.schemaGetBook);",
              "err": {},
              "uuid": "8f4437ed-afcd-455c-9f01-9b26398d9b5e",
              "parentUUID": "096eba08-b731-4687-9af1-23c699723c41",
              "isHook": false,
              "skipped": false
            },
            {
              "title": "listar todas as categorias de livros",
              "fullTitle": "Validar schemas listar todas as categorias de livros",
              "timedOut": null,
              "duration": 233,
              "state": "passed",
              "speed": "fast",
              "pass": true,
              "fail": false,
              "pending": false,
              "context": null,
              "code": "cy.api({\n  method: 'GET',\n  url: Cypress.env('url').book_category\n}).then(_book.schemaGetBookCategory);",
              "err": {},
              "uuid": "711561b4-8467-49dd-80cb-fba6af2c7308",
              "parentUUID": "096eba08-b731-4687-9af1-23c699723c41",
              "isHook": false,
              "skipped": false
            },
            {
              "title": "buscar livro por ID",
              "fullTitle": "Validar schemas buscar livro por ID",
              "timedOut": null,
              "duration": 239,
              "state": "passed",
              "speed": "fast",
              "pass": true,
              "fail": false,
              "pending": false,
              "context": null,
              "code": "const bookID = 34; // Substitua pelo ID desejado\ncy.api({\n  method: 'GET',\n  url: `${Cypress.env('url').book}/${bookID}` // Concatena a URL base do livro com o ID\n}).then(response => {\n  expect(response.status).to.eq(200); // Verifica se o status da resposta é 200 (sucesso)\n  (0, _book.schemaGetBookID)(response); // Valida o esquema JSON\n});",
              "err": {},
              "uuid": "8fe2763f-d6e9-4605-af1b-9da7345dae16",
              "parentUUID": "096eba08-b731-4687-9af1-23c699723c41",
              "isHook": false,
              "skipped": false
            }
          ],
          "suites": [],
          "passes": [
            "8f4437ed-afcd-455c-9f01-9b26398d9b5e",
            "711561b4-8467-49dd-80cb-fba6af2c7308",
            "8fe2763f-d6e9-4605-af1b-9da7345dae16"
          ],
          "failures": [],
          "pending": [],
          "skipped": [],
          "duration": 769,
          "root": false,
          "rootEmpty": false,
          "_timeout": 2000
        }
      ],
      "passes": [],
      "failures": [],
      "pending": [],
      "skipped": [],
      "duration": 0,
      "root": true,
      "rootEmpty": true,
      "_timeout": 2000
    }
  ],
  "meta": {
    "mocha": {
      "version": "7.0.1"
    },
    "mochawesome": {
      "options": {
        "quiet": false,
        "reportFilename": "mochawesome",
        "saveHtml": true,
        "saveJson": true,
        "consoleReporter": "spec",
        "useInlineDiffs": false,
        "code": true
      },
      "version": "7.1.3"
    },
    "marge": {
      "options": {
        "reportDir": "cypress/reports/mochawesome",
        "overwrite": false,
        "html": true,
        "json": true
      },
      "version": "6.2.0"
    }
  }
}