{
  "stats": {
    "suites": 1,
    "tests": 2,
    "passes": 2,
    "pending": 0,
    "failures": 0,
    "start": "2024-10-06T11:10:29.031Z",
    "end": "2024-10-06T11:10:29.588Z",
    "duration": 557,
    "testsRegistered": 2,
    "passPercent": 100,
    "pendingPercent": 0,
    "other": 0,
    "hasOther": false,
    "skipped": 0,
    "hasSkipped": false
  },
  "results": [
    {
      "uuid": "6ddd619e-23b5-4604-bc52-ef4e3ed18b64",
      "title": "",
      "fullFile": "cypress\\e2e\\backend\\Login\\post.login.cy.js",
      "file": "cypress\\e2e\\backend\\Login\\post.login.cy.js",
      "beforeHooks": [],
      "afterHooks": [],
      "tests": [],
      "suites": [
        {
          "uuid": "db4b0d23-3969-456e-8de4-180043003069",
          "title": "login",
          "fullFile": "",
          "file": "",
          "beforeHooks": [],
          "afterHooks": [],
          "tests": [
            {
              "title": "login valido",
              "fullTitle": "login login valido",
              "timedOut": null,
              "duration": 286,
              "state": "passed",
              "speed": "fast",
              "pass": true,
              "fail": false,
              "pending": false,
              "context": null,
              "code": "cy.api({\n  method: 'POST',\n  url: Cypress.env('url').login,\n  body: {\n    username: Cypress.env('user').username,\n    password: Cypress.env('user').password\n  },\n  failOnStatusCode: false\n}).then(response => {\n  expect(response.status).to.equal(200);\n  expect(response.body.token).to.exist;\n});",
              "err": {},
              "uuid": "c3d01845-7ef3-47c5-af0c-cbc88a47875b",
              "parentUUID": "db4b0d23-3969-456e-8de4-180043003069",
              "isHook": false,
              "skipped": false
            },
            {
              "title": "tentativa de login com dados invalidos",
              "fullTitle": "login tentativa de login com dados invalidos",
              "timedOut": null,
              "duration": 238,
              "state": "passed",
              "speed": "fast",
              "pass": true,
              "fail": false,
              "pending": false,
              "context": null,
              "code": "cy.api({\n  method: 'POST',\n  url: Cypress.env('url').login,\n  body: {\n    username: Cypress.env('user').username,\n    password: '123'\n  },\n  failOnStatusCode: false\n}).then(response => {\n  expect(response.status).to.equal(401);\n});",
              "err": {},
              "uuid": "aa5f93b2-f5b4-4479-98bd-b710622bf55b",
              "parentUUID": "db4b0d23-3969-456e-8de4-180043003069",
              "isHook": false,
              "skipped": false
            }
          ],
          "suites": [],
          "passes": [
            "c3d01845-7ef3-47c5-af0c-cbc88a47875b",
            "aa5f93b2-f5b4-4479-98bd-b710622bf55b"
          ],
          "failures": [],
          "pending": [],
          "skipped": [],
          "duration": 524,
          "root": false,
          "rootEmpty": false,
          "_timeout": 2000
        }
      ],
      "passes": [],
      "failures": [],
      "pending": [],
      "skipped": [],
      "duration": 0,
      "root": true,
      "rootEmpty": true,
      "_timeout": 2000
    }
  ],
  "meta": {
    "mocha": {
      "version": "7.0.1"
    },
    "mochawesome": {
      "options": {
        "quiet": false,
        "reportFilename": "mochawesome",
        "saveHtml": true,
        "saveJson": true,
        "consoleReporter": "spec",
        "useInlineDiffs": false,
        "code": true
      },
      "version": "7.1.3"
    },
    "marge": {
      "options": {
        "reportDir": "cypress/reports/mochawesome",
        "overwrite": false,
        "html": true,
        "json": true
      },
      "version": "6.2.0"
    }
  }
}